e:\c+\par2cmdline-turbo\x64\release\libpar2.pdb
e:\c+\par2cmdline-turbo\x64\release\libpar2\recoverypacket.obj
e:\c+\par2cmdline-turbo\x64\release\libpar2\par2repairersourcefile.obj
e:\c+\par2cmdline-turbo\x64\release\libpar2\par2repairer.obj
e:\c+\par2cmdline-turbo\x64\release\libpar2\par2fileformat.obj
e:\c+\par2cmdline-turbo\x64\release\libpar2\par2creatorsourcefile.obj
e:\c+\par2cmdline-turbo\x64\release\libpar2\par2creator.obj
e:\c+\par2cmdline-turbo\x64\release\libpar2\par1repairersourcefile.obj
e:\c+\par2cmdline-turbo\x64\release\libpar2\par1repairer.obj
e:\c+\par2cmdline-turbo\x64\release\libpar2\par1fileformat.obj
e:\c+\par2cmdline-turbo\x64\release\libpar2\md5.obj
e:\c+\par2cmdline-turbo\x64\release\libpar2\mainpacket.obj
e:\c+\par2cmdline-turbo\x64\release\libpar2\libpar2.obj
e:\c+\par2cmdline-turbo\x64\release\libpar2\galois.obj
e:\c+\par2cmdline-turbo\x64\release\libpar2\filechecksummer.obj
e:\c+\par2cmdline-turbo\x64\release\libpar2\diskfile.obj
e:\c+\par2cmdline-turbo\x64\release\libpar2\descriptionpacket.obj
e:\c+\par2cmdline-turbo\x64\release\libpar2\datablock.obj
e:\c+\par2cmdline-turbo\x64\release\libpar2\criticalpacket.obj
e:\c+\par2cmdline-turbo\x64\release\libpar2\creatorpacket.obj
e:\c+\par2cmdline-turbo\x64\release\libpar2\crc.obj
e:\c+\par2cmdline-turbo\x64\release\libpar2\utf8.obj
e:\c+\par2cmdline-turbo\x64\release\libpar2\verificationpacket.obj
e:\c+\par2cmdline-turbo\x64\release\libpar2\verificationhashtable.obj
e:\c+\par2cmdline-turbo\x64\release\libpar2\reedsolomon.obj
e:\c+\par2cmdline-turbo\x64\release\libpar2.lib
e:\c+\par2cmdline-turbo\x64\release\libpar2\libpar2.tlog\cl.command.1.tlog
e:\c+\par2cmdline-turbo\x64\release\libpar2\libpar2.tlog\cl.items.tlog
e:\c+\par2cmdline-turbo\x64\release\libpar2\libpar2.tlog\cl.read.1.tlog
e:\c+\par2cmdline-turbo\x64\release\libpar2\libpar2.tlog\cl.write.1.tlog
e:\c+\par2cmdline-turbo\x64\release\libpar2\libpar2.tlog\lib-link.read.1.tlog
e:\c+\par2cmdline-turbo\x64\release\libpar2\libpar2.tlog\lib-link.write.1.tlog
e:\c+\par2cmdline-turbo\x64\release\libpar2\libpar2.tlog\lib.command.1.tlog
